<?xml version="1.0" encoding="UTF-8"?>
<!-- Generated by org.testng.reporters.JUnitXMLReporter -->
<testsuite ignored="0" hostname="DESKTOP-P7FBO29" failures="0" tests="10" name="Regression Tests" time="110.989" errors="0" timestamp="2024-04-21T09:47:27 IST">
  <testcase classname="OrangeHRM_Project.Login_Test" name="LoginWthValidCredentials" time="2.421"/>
  <testcase classname="OrangeHRM_Project.Login_Test" name="LoginWthValidUserNameInvalidPassword" time="2.475"/>
  <testcase classname="OrangeHRM_Project.Login_Test" name="LoginWthInvalidUserNameValidPassword" time="2.524"/>
  <testcase classname="OrangeHRM_Project.Login_Test" name="LoginwthInvalidCreadentials" time="2.394"/>
  <testcase classname="OrangeHRM_Project.Login_Test" name="LoginWthBlankCredentials" time="2.422"/>
  <testcase classname="OrangeHRM_Project.Admin_Module" name="verifyAdminModule" time="27.019"/>
  <testcase classname="OrangeHRM_Project.Module1" name="Test1" time="0.0"/>
  <testcase classname="OrangeHRM_Project.Module1" name="Test2" time="0.0"/>
  <testcase classname="OrangeHRM_Project.Module1" name="Test3" time="0.0"/>
  <testcase classname="OrangeHRM_Project.Module1" name="Test4" time="0.0"/>
</testsuite> <!-- Regression Tests -->
