<?xml version="1.0" encoding="UTF-8"?>
<!-- Generated by org.testng.reporters.JUnitXMLReporter -->
<testsuite ignored="8" hostname="DESKTOP-P7FBO29" failures="0" tests="0" time="0.03" errors="0" timestamp="2024-06-02T19:26:36 IST">
  <testcase classname="OrangeHRM_Project.RecruitmentModule" name="RecruitmentTest1" time="0.0">
    <ignored/>
  </testcase> <!-- RecruitmentTest1 -->
  <testcase classname="OrangeHRM_Project.OrganizationModule" name="OrganizationTest3" time="0.0">
    <ignored/>
  </testcase> <!-- OrganizationTest3 -->
  <testcase classname="OrangeHRM_Project.OrganizationModule" name="OrganizationTest4" time="0.0">
    <ignored/>
  </testcase> <!-- OrganizationTest4 -->
  <testcase classname="OrangeHRM_Project.RecruitmentModule" name="RecruitmentTest3" time="0.0">
    <ignored/>
  </testcase> <!-- RecruitmentTest3 -->
  <testcase classname="OrangeHRM_Project.OrganizationModule" name="OrganizationTest1" time="0.0">
    <ignored/>
  </testcase> <!-- OrganizationTest1 -->
  <testcase classname="OrangeHRM_Project.OrganizationModule" name="OrganizationTest2" time="0.0">
    <ignored/>
  </testcase> <!-- OrganizationTest2 -->
  <testcase classname="OrangeHRM_Project.RecruitmentModule" name="RecruitmentTest2" time="0.0">
    <ignored/>
  </testcase> <!-- RecruitmentTest2 -->
  <testcase classname="OrangeHRM_Project.RecruitmentModule" name="RecruitmentTest4" time="0.0">
    <ignored/>
  </testcase> <!-- RecruitmentTest4 -->
</testsuite>
